<?xml version="1.0" encoding="UTF-8"?>
<testsuite xmlns:xsi="http://www.w3.org/2001/XMLSchema-instance" xsi:noNamespaceSchemaLocation="https://maven.apache.org/surefire/maven-surefire-plugin/xsd/surefire-test-report-3.0.xsd" version="3.0" name="br.com.fiap.lojaBrinquedos.LojaBrinquedosApplicationTests" time="5.662" tests="1" errors="0" skipped="0" failures="0">
  <properties>
[...]
</properties>
  <testcase name="contextLoads" classname="br.com.fiap.lojaBrinquedos.LojaBrinquedosApplicationTests" time="0.563">
    <system-out><![CDATA[23:33:21.362 [main] INFO org.springframework.test.context.support.AnnotationConfigContextLoaderUtils -- Could not detect default configuration classes for test class [br.com.fiap.lojaBrinquedos.LojaBrinquedosApplicationTests]: LojaBrinquedosApplicationTests does not declare any static, non-private, non-final, nested classes annotated with @Configuration.
23:33:21.465 [main] INFO org.springframework.boot.test.context.SpringBootTestContextBootstrapper -- Found @SpringBootConfiguration br.com.fiap.lojaBrinquedos.LojaBrinquedosApplication for test class br.com.fiap.lojaBrinquedos.LojaBrinquedosApplicationTests
23:33:21.629 [main] INFO org.springframework.boot.devtools.restart.RestartApplicationListener -- Restart disabled due to context in which it is running

  .   ____          _            __ _ _
 /\\ / ___'_ __ _ _(_)_ __  __ _ \ \ \ \
( ( )\___ | '_ | '_| | '_ \/ _` | \ \ \ \
 \\/  ___)| |_)| | | | | || (_| |  ) ) ) )
  '  |____| .__|_| |_|_| |_\__, | / / / /
 =========|_|==============|___/=/_/_/_/
 :: Spring Boot ::                (v3.2.5)

2024-08-08T23:33:21.883-03:00  INFO 35752 --- [lojaBrinquedos] [           main] b.c.f.l.LojaBrinquedosApplicationTests   : Starting LojaBrinquedosApplicationTests using Java 20 with PID 35752 (started by Caio Boris in C:\Users\Caio Boris\dev\LojaBrinquedos\loja-brinquedo)
2024-08-08T23:33:21.884-03:00  INFO 35752 --- [lojaBrinquedos] [           main] b.c.f.l.LojaBrinquedosApplicationTests   : No active profile set, falling back to 1 default profile: "default"
2024-08-08T23:33:22.611-03:00  INFO 35752 --- [lojaBrinquedos] [           main] .s.d.r.c.RepositoryConfigurationDelegate : Bootstrapping Spring Data JPA repositories in DEFAULT mode.
2024-08-08T23:33:22.677-03:00  INFO 35752 --- [lojaBrinquedos] [           main] .s.d.r.c.RepositoryConfigurationDelegate : Finished Spring Data repository scanning in 56 ms. Found 1 JPA repository interface.
2024-08-08T23:33:23.001-03:00  WARN 35752 --- [lojaBrinquedos] [           main] trationDelegate$BeanPostProcessorChecker : Bean 'org.springframework.ws.config.annotation.DelegatingWsConfiguration' of type [org.springframework.ws.config.annotation.DelegatingWsConfiguration$$SpringCGLIB$$0] is not eligible for getting processed by all BeanPostProcessors (for example: not eligible for auto-proxying). The currently created BeanPostProcessor [annotationActionEndpointMapping] is declared through a non-static factory method on that class; consider declaring it as static instead.
2024-08-08T23:33:23.037-03:00  INFO 35752 --- [lojaBrinquedos] [           main] .w.s.a.s.AnnotationActionEndpointMapping : Supporting [WS-Addressing August 2004, WS-Addressing 1.0]
2024-08-08T23:33:23.337-03:00  INFO 35752 --- [lojaBrinquedos] [           main] com.zaxxer.hikari.HikariDataSource       : HikariPool-1 - Starting...
2024-08-08T23:33:23.343-03:00  WARN 35752 --- [lojaBrinquedos] [           main] c.zaxxer.hikari.util.DriverDataSource    : Registered driver with driverClassName=oracle.jdbc.driver.OracleDriver was not found, trying direct instantiation.
2024-08-08T23:33:23.762-03:00  INFO 35752 --- [lojaBrinquedos] [           main] com.zaxxer.hikari.pool.HikariPool        : HikariPool-1 - Added connection oracle.jdbc.driver.T4CConnection@40717ed
2024-08-08T23:33:23.764-03:00  INFO 35752 --- [lojaBrinquedos] [           main] com.zaxxer.hikari.HikariDataSource       : HikariPool-1 - Start completed.
2024-08-08T23:33:23.829-03:00  INFO 35752 --- [lojaBrinquedos] [           main] o.hibernate.jpa.internal.util.LogHelper  : HHH000204: Processing PersistenceUnitInfo [name: default]
2024-08-08T23:33:23.894-03:00  INFO 35752 --- [lojaBrinquedos] [           main] org.hibernate.Version                    : HHH000412: Hibernate ORM core version 6.4.4.Final
2024-08-08T23:33:23.935-03:00  INFO 35752 --- [lojaBrinquedos] [           main] o.h.c.internal.RegionFactoryInitiator    : HHH000026: Second-level cache disabled
2024-08-08T23:33:24.227-03:00  INFO 35752 --- [lojaBrinquedos] [           main] o.s.o.j.p.SpringPersistenceUnitInfo      : No LoadTimeWeaver setup: ignoring JPA class transformer
2024-08-08T23:33:25.354-03:00  INFO 35752 --- [lojaBrinquedos] [           main] o.h.e.t.j.p.i.JtaPlatformInitiator       : HHH000489: No JTA platform available (set 'hibernate.transaction.jta.platform' to enable JTA platform integration)
2024-08-08T23:33:25.357-03:00  INFO 35752 --- [lojaBrinquedos] [           main] j.LocalContainerEntityManagerFactoryBean : Initialized JPA EntityManagerFactory for persistence unit 'default'
2024-08-08T23:33:25.742-03:00  WARN 35752 --- [lojaBrinquedos] [           main] JpaBaseConfiguration$JpaWebConfiguration : spring.jpa.open-in-view is enabled by default. Therefore, database queries may be performed during view rendering. Explicitly configure spring.jpa.open-in-view to disable this warning
2024-08-08T23:33:26.256-03:00  INFO 35752 --- [lojaBrinquedos] [           main] b.c.f.l.LojaBrinquedosApplicationTests   : Started LojaBrinquedosApplicationTests in 4.642 seconds (process running for 5.639)
]]></system-out>
  </testcase>
</testsuite>